<?xml version="1.0" encoding="UTF-8"?>
<testsuite name="CheckoutTest" tests="1" skipped="0" failures="0" errors="0" timestamp="2015-09-04T05:27:01" hostname="Nataliyas-MacBook-Pro.local" time="0.054">
  <properties/>
  <testcase name="getduedate_returnsDueDateForABook_true" classname="CheckoutTest" time="0.054"/>
  <system-out><![CDATA[]]></system-out>
  <system-err><![CDATA[]]></system-err>
</testsuite>
