<?xml version="1.0" encoding="UTF-8"?>
<testsuite name="BookTest" tests="7" skipped="0" failures="0" errors="0" timestamp="2015-09-04T05:34:21" hostname="Nataliyas-MacBook-Pro.local" time="0.217">
  <properties/>
  <testcase name="all_emptyAtFirst" classname="BookTest" time="0.018"/>
  <testcase name="getAuthors_returnsAllAuthors_List" classname="BookTest" time="0.025"/>
  <testcase name="update_updatesBookTitleAndGenreInDatabase_true" classname="BookTest" time="0.049"/>
  <testcase name="equals_returnsTrueIfBooksAreTheSame" classname="BookTest" time="0.011"/>
  <testcase name="save_savesIntoDatabase_true" classname="BookTest" time="0.03"/>
  <testcase name="delete_deletesBookAndListAssociations" classname="BookTest" time="0.054"/>
  <testcase name="find_findsBookInDatabase_true" classname="BookTest" time="0.027"/>
  <system-out><![CDATA[]]></system-out>
  <system-err><![CDATA[]]></system-err>
</testsuite>
