<?xml version="1.0" encoding="UTF-8"?>
<testsuite name="AuthorTest" tests="8" skipped="0" failures="0" errors="0" timestamp="2015-09-04T05:20:24" hostname="Nataliyas-MacBook-Pro.local" time="0.437">
  <properties/>
  <testcase name="equals_returnTrueIfAuthorsAreTheSame" classname="AuthorTest" time="0.098"/>
  <testcase name="addBook_addsBookToAuthor" classname="AuthorTest" time="0.105"/>
  <testcase name="delete_deletesAllAuthorsAndListAssociation" classname="AuthorTest" time="0.065"/>
  <testcase name="all_emptyAtFirst" classname="AuthorTest" time="0.021"/>
  <testcase name="getAuthors_returnsAllBooks_ArrayList" classname="AuthorTest" time="0.053"/>
  <testcase name="save_savesIntoDatabase_true" classname="AuthorTest" time="0.027"/>
  <testcase name="update_changesAuthorNameAndEnrollmentInDatabase_true" classname="AuthorTest" time="0.037"/>
  <testcase name="find_findsAuthorInDatabase_true" classname="AuthorTest" time="0.027"/>
  <system-out><![CDATA[]]></system-out>
  <system-err><![CDATA[]]></system-err>
</testsuite>
